\BOOKMARK [0][-]{chapter.1}{\376\377\0001\000\040\000R\000a\000m\000i\000e\000l}{}% 1
\BOOKMARK [0][-]{chapter.2}{\376\377\0002\000\040\000D\000a\000t\000a\000\040\000S\000t\000r\000u\000c\000t\000u\000r\000e\000\040\000I\000n\000d\000e\000x}{}% 2
\BOOKMARK [1][-]{section.2.1}{\376\377\0002\000.\0001\000\040\000D\000a\000t\000a\000\040\000S\000t\000r\000u\000c\000t\000u\000r\000e\000s}{chapter.2}% 3
\BOOKMARK [0][-]{chapter.3}{\376\377\0003\000\040\000F\000i\000l\000e\000\040\000I\000n\000d\000e\000x}{}% 4
\BOOKMARK [1][-]{section.3.1}{\376\377\0003\000.\0001\000\040\000F\000i\000l\000e\000\040\000L\000i\000s\000t}{chapter.3}% 5
\BOOKMARK [0][-]{chapter.4}{\376\377\0004\000\040\000D\000a\000t\000a\000\040\000S\000t\000r\000u\000c\000t\000u\000r\000e\000\040\000D\000o\000c\000u\000m\000e\000n\000t\000a\000t\000i\000o\000n}{}% 6
\BOOKMARK [1][-]{section.4.1}{\376\377\0004\000.\0001\000\040\000h\000a\000s\000h\000t\000a\000b\000l\000e\000\040\000S\000t\000r\000u\000c\000t\000\040\000R\000e\000f\000e\000r\000e\000n\000c\000e}{chapter.4}% 7
\BOOKMARK [2][-]{subsection.4.1.1}{\376\377\0004\000.\0001\000.\0001\000\040\000D\000e\000t\000a\000i\000l\000e\000d\000\040\000D\000e\000s\000c\000r\000i\000p\000t\000i\000o\000n}{section.4.1}% 8
\BOOKMARK [2][-]{subsection.4.1.2}{\376\377\0004\000.\0001\000.\0002\000\040\000F\000i\000e\000l\000d\000\040\000D\000o\000c\000u\000m\000e\000n\000t\000a\000t\000i\000o\000n}{section.4.1}% 9
\BOOKMARK [3][-]{subsubsection.4.1.2.1}{\376\377\0004\000.\0001\000.\0002\000.\0001\000\040\000c\000o\000u\000n\000t}{subsection.4.1.2}% 10
\BOOKMARK [3][-]{subsubsection.4.1.2.2}{\376\377\0004\000.\0001\000.\0002\000.\0002\000\040\000i\000t\000e\000m\000s}{subsection.4.1.2}% 11
\BOOKMARK [3][-]{subsubsection.4.1.2.3}{\376\377\0004\000.\0001\000.\0002\000.\0003\000\040\000s\000i\000z\000e}{subsection.4.1.2}% 12
\BOOKMARK [1][-]{section.4.2}{\376\377\0004\000.\0002\000\040\000h\000t\000\137\000i\000t\000e\000m\000\040\000S\000t\000r\000u\000c\000t\000\040\000R\000e\000f\000e\000r\000e\000n\000c\000e}{chapter.4}% 13
\BOOKMARK [2][-]{subsection.4.2.1}{\376\377\0004\000.\0002\000.\0001\000\040\000D\000e\000t\000a\000i\000l\000e\000d\000\040\000D\000e\000s\000c\000r\000i\000p\000t\000i\000o\000n}{section.4.2}% 14
\BOOKMARK [2][-]{subsection.4.2.2}{\376\377\0004\000.\0002\000.\0002\000\040\000F\000i\000e\000l\000d\000\040\000D\000o\000c\000u\000m\000e\000n\000t\000a\000t\000i\000o\000n}{section.4.2}% 15
\BOOKMARK [3][-]{subsubsection.4.2.2.1}{\376\377\0004\000.\0002\000.\0002\000.\0001\000\040\000i\000d\000e\000n\000t\000i\000f\000i\000e\000r}{subsection.4.2.2}% 16
\BOOKMARK [3][-]{subsubsection.4.2.2.2}{\376\377\0004\000.\0002\000.\0002\000.\0002\000\040\000n\000e\000x\000t}{subsection.4.2.2}% 17
\BOOKMARK [3][-]{subsubsection.4.2.2.3}{\376\377\0004\000.\0002\000.\0002\000.\0003\000\040\000s\000i\000z\000e}{subsection.4.2.2}% 18
\BOOKMARK [3][-]{subsubsection.4.2.2.4}{\376\377\0004\000.\0002\000.\0002\000.\0004\000\040\000t\000y\000p\000e}{subsection.4.2.2}% 19
\BOOKMARK [1][-]{section.4.3}{\376\377\0004\000.\0003\000\040\000s\000t\000a\000c\000k\000\040\000S\000t\000r\000u\000c\000t\000\040\000R\000e\000f\000e\000r\000e\000n\000c\000e}{chapter.4}% 20
\BOOKMARK [2][-]{subsection.4.3.1}{\376\377\0004\000.\0003\000.\0001\000\040\000D\000e\000t\000a\000i\000l\000e\000d\000\040\000D\000e\000s\000c\000r\000i\000p\000t\000i\000o\000n}{section.4.3}% 21
\BOOKMARK [2][-]{subsection.4.3.2}{\376\377\0004\000.\0003\000.\0002\000\040\000F\000i\000e\000l\000d\000\040\000D\000o\000c\000u\000m\000e\000n\000t\000a\000t\000i\000o\000n}{section.4.3}% 22
\BOOKMARK [3][-]{subsubsection.4.3.2.1}{\376\377\0004\000.\0003\000.\0002\000.\0001\000\040\000c\000o\000u\000n\000t}{subsection.4.3.2}% 23
\BOOKMARK [3][-]{subsubsection.4.3.2.2}{\376\377\0004\000.\0003\000.\0002\000.\0002\000\040\000t\000o\000p}{subsection.4.3.2}% 24
\BOOKMARK [1][-]{section.4.4}{\376\377\0004\000.\0004\000\040\000s\000t\000a\000c\000k\000\137\000i\000t\000e\000m\000\040\000S\000t\000r\000u\000c\000t\000\040\000R\000e\000f\000e\000r\000e\000n\000c\000e}{chapter.4}% 25
\BOOKMARK [2][-]{subsection.4.4.1}{\376\377\0004\000.\0004\000.\0001\000\040\000D\000e\000t\000a\000i\000l\000e\000d\000\040\000D\000e\000s\000c\000r\000i\000p\000t\000i\000o\000n}{section.4.4}% 26
\BOOKMARK [2][-]{subsection.4.4.2}{\376\377\0004\000.\0004\000.\0002\000\040\000F\000i\000e\000l\000d\000\040\000D\000o\000c\000u\000m\000e\000n\000t\000a\000t\000i\000o\000n}{section.4.4}% 27
\BOOKMARK [3][-]{subsubsection.4.4.2.1}{\376\377\0004\000.\0004\000.\0002\000.\0001\000\040\000n\000e\000x\000t}{subsection.4.4.2}% 28
\BOOKMARK [3][-]{subsubsection.4.4.2.2}{\376\377\0004\000.\0004\000.\0002\000.\0002\000\040\000s\000i\000z\000e}{subsection.4.4.2}% 29
\BOOKMARK [3][-]{subsubsection.4.4.2.3}{\376\377\0004\000.\0004\000.\0002\000.\0003\000\040\000t\000y\000p\000e}{subsection.4.4.2}% 30
\BOOKMARK [1][-]{section.4.5}{\376\377\0004\000.\0005\000\040\000s\000t\000a\000t\000e\000\040\000S\000t\000r\000u\000c\000t\000\040\000R\000e\000f\000e\000r\000e\000n\000c\000e}{chapter.4}% 31
\BOOKMARK [2][-]{subsection.4.5.1}{\376\377\0004\000.\0005\000.\0001\000\040\000D\000e\000t\000a\000i\000l\000e\000d\000\040\000D\000e\000s\000c\000r\000i\000p\000t\000i\000o\000n}{section.4.5}% 32
\BOOKMARK [2][-]{subsection.4.5.2}{\376\377\0004\000.\0005\000.\0002\000\040\000F\000i\000e\000l\000d\000\040\000D\000o\000c\000u\000m\000e\000n\000t\000a\000t\000i\000o\000n}{section.4.5}% 33
\BOOKMARK [3][-]{subsubsection.4.5.2.1}{\376\377\0004\000.\0005\000.\0002\000.\0001\000\040\000c\000o\000l\000u\000m\000n}{subsection.4.5.2}% 34
\BOOKMARK [3][-]{subsubsection.4.5.2.2}{\376\377\0004\000.\0005\000.\0002\000.\0002\000\040\000c\000u\000r\000r\000e\000n\000t}{subsection.4.5.2}% 35
\BOOKMARK [3][-]{subsubsection.4.5.2.3}{\376\377\0004\000.\0005\000.\0002\000.\0003\000\040\000e\000r\000r\000o\000r\000s}{subsection.4.5.2}% 36
\BOOKMARK [3][-]{subsubsection.4.5.2.4}{\376\377\0004\000.\0005\000.\0002\000.\0004\000\040\000i\000n\000p\000u\000t}{subsection.4.5.2}% 37
\BOOKMARK [3][-]{subsubsection.4.5.2.5}{\376\377\0004\000.\0005\000.\0002\000.\0005\000\040\000l\000i\000n\000e}{subsection.4.5.2}% 38
\BOOKMARK [3][-]{subsubsection.4.5.2.6}{\376\377\0004\000.\0005\000.\0002\000.\0006\000\040\000l\000i\000s\000t}{subsection.4.5.2}% 39
\BOOKMARK [3][-]{subsubsection.4.5.2.7}{\376\377\0004\000.\0005\000.\0002\000.\0007\000\040\000o\000u\000t\000p\000u\000t}{subsection.4.5.2}% 40
\BOOKMARK [3][-]{subsubsection.4.5.2.8}{\376\377\0004\000.\0005\000.\0002\000.\0008\000\040\000s\000t\000a\000c\000k}{subsection.4.5.2}% 41
\BOOKMARK [3][-]{subsubsection.4.5.2.9}{\376\377\0004\000.\0005\000.\0002\000.\0009\000\040\000v\000a\000r\000i\000a\000b\000l\000e\000s}{subsection.4.5.2}% 42
\BOOKMARK [3][-]{subsubsection.4.5.2.10}{\376\377\0004\000.\0005\000.\0002\000.\0001\0000\000\040\000w\000a\000r\000n\000i\000n\000g\000s}{subsection.4.5.2}% 43
\BOOKMARK [1][-]{section.4.6}{\376\377\0004\000.\0006\000\040\000t\000o\000k\000e\000n\000\040\000S\000t\000r\000u\000c\000t\000\040\000R\000e\000f\000e\000r\000e\000n\000c\000e}{chapter.4}% 44
\BOOKMARK [2][-]{subsection.4.6.1}{\376\377\0004\000.\0006\000.\0001\000\040\000D\000e\000t\000a\000i\000l\000e\000d\000\040\000D\000e\000s\000c\000r\000i\000p\000t\000i\000o\000n}{section.4.6}% 45
\BOOKMARK [2][-]{subsection.4.6.2}{\376\377\0004\000.\0006\000.\0002\000\040\000F\000i\000e\000l\000d\000\040\000D\000o\000c\000u\000m\000e\000n\000t\000a\000t\000i\000o\000n}{section.4.6}% 46
\BOOKMARK [3][-]{subsubsection.4.6.2.1}{\376\377\0004\000.\0006\000.\0002\000.\0001\000\040\000c\000o\000n\000t\000e\000n\000t}{subsection.4.6.2}% 47
\BOOKMARK [3][-]{subsubsection.4.6.2.2}{\376\377\0004\000.\0006\000.\0002\000.\0002\000\040\000t\000y\000p\000e}{subsection.4.6.2}% 48
\BOOKMARK [1][-]{section.4.7}{\376\377\0004\000.\0007\000\040\000t\000o\000k\000e\000n\000\137\000i\000n\000f\000o\000\040\000S\000t\000r\000u\000c\000t\000\040\000R\000e\000f\000e\000r\000e\000n\000c\000e}{chapter.4}% 49
\BOOKMARK [2][-]{subsection.4.7.1}{\376\377\0004\000.\0007\000.\0001\000\040\000D\000e\000t\000a\000i\000l\000e\000d\000\040\000D\000e\000s\000c\000r\000i\000p\000t\000i\000o\000n}{section.4.7}% 50
\BOOKMARK [2][-]{subsection.4.7.2}{\376\377\0004\000.\0007\000.\0002\000\040\000F\000i\000e\000l\000d\000\040\000D\000o\000c\000u\000m\000e\000n\000t\000a\000t\000i\000o\000n}{section.4.7}% 51
\BOOKMARK [3][-]{subsubsection.4.7.2.1}{\376\377\0004\000.\0007\000.\0002\000.\0001\000\040\000@\0001}{subsection.4.7.2}% 52
\BOOKMARK [3][-]{subsubsection.4.7.2.2}{\376\377\0004\000.\0007\000.\0002\000.\0002\000\040\000c\000o\000l\000u\000m\000n}{subsection.4.7.2}% 53
\BOOKMARK [3][-]{subsubsection.4.7.2.3}{\376\377\0004\000.\0007\000.\0002\000.\0003\000\040\000l\000i\000n\000e}{subsection.4.7.2}% 54
\BOOKMARK [3][-]{subsubsection.4.7.2.4}{\376\377\0004\000.\0007\000.\0002\000.\0004\000\040\000n\000e\000g\000a\000t\000i\000v\000e}{subsection.4.7.2}% 55
\BOOKMARK [3][-]{subsubsection.4.7.2.5}{\376\377\0004\000.\0007\000.\0002\000.\0005\000\040\000n\000e\000x\000t}{subsection.4.7.2}% 56
\BOOKMARK [3][-]{subsubsection.4.7.2.6}{\376\377\0004\000.\0007\000.\0002\000.\0006\000\040\000t\000o\000k}{subsection.4.7.2}% 57
\BOOKMARK [3][-]{subsubsection.4.7.2.7}{\376\377\0004\000.\0007\000.\0002\000.\0007\000\040\000v\000a\000l\000\137\000c}{subsection.4.7.2}% 58
\BOOKMARK [3][-]{subsubsection.4.7.2.8}{\376\377\0004\000.\0007\000.\0002\000.\0008\000\040\000v\000a\000l\000\137\000d}{subsection.4.7.2}% 59
\BOOKMARK [3][-]{subsubsection.4.7.2.9}{\376\377\0004\000.\0007\000.\0002\000.\0009\000\040\000v\000a\000l\000\137\000i}{subsection.4.7.2}% 60
\BOOKMARK [3][-]{subsubsection.4.7.2.10}{\376\377\0004\000.\0007\000.\0002\000.\0001\0000\000\040\000v\000a\000l\000\137\000s}{subsection.4.7.2}% 61
\BOOKMARK [0][-]{chapter.5}{\376\377\0005\000\040\000F\000i\000l\000e\000\040\000D\000o\000c\000u\000m\000e\000n\000t\000a\000t\000i\000o\000n}{}% 62
\BOOKMARK [1][-]{section.5.1}{\376\377\0005\000.\0001\000\040\000c\000o\000n\000s\000o\000l\000e\000.\000c\000\040\000F\000i\000l\000e\000\040\000R\000e\000f\000e\000r\000e\000n\000c\000e}{chapter.5}% 63
\BOOKMARK [2][-]{subsection.5.1.1}{\376\377\0005\000.\0001\000.\0001\000\040\000M\000a\000c\000r\000o\000\040\000D\000e\000f\000i\000n\000i\000t\000i\000o\000n\000\040\000D\000o\000c\000u\000m\000e\000n\000t\000a\000t\000i\000o\000n}{section.5.1}% 64
\BOOKMARK [3][-]{subsubsection.5.1.1.1}{\376\377\0005\000.\0001\000.\0001\000.\0001\000\040\000C\000\137\000B}{subsection.5.1.1}% 65
\BOOKMARK [3][-]{subsubsection.5.1.1.2}{\376\377\0005\000.\0001\000.\0001\000.\0002\000\040\000C\000\137\000G}{subsection.5.1.1}% 66
\BOOKMARK [3][-]{subsubsection.5.1.1.3}{\376\377\0005\000.\0001\000.\0001\000.\0003\000\040\000C\000\137\000R}{subsection.5.1.1}% 67
\BOOKMARK [3][-]{subsubsection.5.1.1.4}{\376\377\0005\000.\0001\000.\0001\000.\0004\000\040\000C\000\137\000R\000S\000T}{subsection.5.1.1}% 68
\BOOKMARK [3][-]{subsubsection.5.1.1.5}{\376\377\0005\000.\0001\000.\0001\000.\0005\000\040\000C\000\137\000Y}{subsection.5.1.1}% 69
\BOOKMARK [2][-]{subsection.5.1.2}{\376\377\0005\000.\0001\000.\0002\000\040\000F\000u\000n\000c\000t\000i\000o\000n\000\040\000D\000o\000c\000u\000m\000e\000n\000t\000a\000t\000i\000o\000n}{section.5.1}% 70
\BOOKMARK [3][-]{subsubsection.5.1.2.1}{\376\377\0005\000.\0001\000.\0002\000.\0001\000\040\000e\000r\000r\000o\000r\000\137\000m\000\050\000\051}{subsection.5.1.2}% 71
\BOOKMARK [3][-]{subsubsection.5.1.2.2}{\376\377\0005\000.\0001\000.\0002\000.\0002\000\040\000s\000t\000a\000n\000d\000a\000r\000d\000\137\000m\000\050\000\051}{subsection.5.1.2}% 72
\BOOKMARK [3][-]{subsubsection.5.1.2.3}{\376\377\0005\000.\0001\000.\0002\000.\0003\000\040\000w\000a\000r\000n\000i\000n\000g\000\137\000m\000\050\000\051}{subsection.5.1.2}% 73
\BOOKMARK [1][-]{section.5.2}{\376\377\0005\000.\0002\000\040\000h\000a\000s\000h\000t\000a\000b\000l\000e\000.\000c\000\040\000F\000i\000l\000e\000\040\000R\000e\000f\000e\000r\000e\000n\000c\000e}{chapter.5}% 74
\BOOKMARK [2][-]{subsection.5.2.1}{\376\377\0005\000.\0002\000.\0001\000\040\000F\000u\000n\000c\000t\000i\000o\000n\000\040\000D\000o\000c\000u\000m\000e\000n\000t\000a\000t\000i\000o\000n}{section.5.2}% 75
\BOOKMARK [3][-]{subsubsection.5.2.1.1}{\376\377\0005\000.\0002\000.\0001\000.\0001\000\040\000h\000a\000s\000h\000\050\000\051}{subsection.5.2.1}% 76
\BOOKMARK [3][-]{subsubsection.5.2.1.2}{\376\377\0005\000.\0002\000.\0001\000.\0002\000\040\000h\000a\000s\000h\000\137\000i\000t\000e\000m\000\050\000\051}{subsection.5.2.1}% 77
\BOOKMARK [3][-]{subsubsection.5.2.1.3}{\376\377\0005\000.\0002\000.\0001\000.\0003\000\040\000l\000o\000o\000k\000u\000p\000\137\000i\000t\000e\000m\000\050\000\051}{subsection.5.2.1}% 78
\BOOKMARK [3][-]{subsubsection.5.2.1.4}{\376\377\0005\000.\0002\000.\0001\000.\0004\000\040\000n\000e\000w\000\137\000h\000t\000\050\000\051}{subsection.5.2.1}% 79
\BOOKMARK [3][-]{subsubsection.5.2.1.5}{\376\377\0005\000.\0002\000.\0001\000.\0005\000\040\000n\000e\000w\000\137\000h\000t\000\137\000i\000t\000e\000m\000\050\000\051}{subsection.5.2.1}% 80
\BOOKMARK [3][-]{subsubsection.5.2.1.6}{\376\377\0005\000.\0002\000.\0001\000.\0006\000\040\000r\000m\000\137\000h\000t\000\050\000\051}{subsection.5.2.1}% 81
\BOOKMARK [3][-]{subsubsection.5.2.1.7}{\376\377\0005\000.\0002\000.\0001\000.\0007\000\040\000r\000m\000\137\000h\000t\000\137\000h\000e\000l\000p\000e\000r\000\050\000\051}{subsection.5.2.1}% 82
\BOOKMARK [3][-]{subsubsection.5.2.1.8}{\376\377\0005\000.\0002\000.\0001\000.\0008\000\040\000r\000m\000\137\000h\000t\000\137\000i\000t\000e\000m\000\050\000\051}{subsection.5.2.1}% 83
\BOOKMARK [1][-]{section.5.3}{\376\377\0005\000.\0003\000\040\000h\000a\000s\000h\000t\000a\000b\000l\000e\000.\000h\000\040\000F\000i\000l\000e\000\040\000R\000e\000f\000e\000r\000e\000n\000c\000e}{chapter.5}% 84
\BOOKMARK [2][-]{subsection.5.3.1}{\376\377\0005\000.\0003\000.\0001\000\040\000E\000n\000u\000m\000e\000r\000a\000t\000i\000o\000n\000\040\000T\000y\000p\000e\000\040\000D\000o\000c\000u\000m\000e\000n\000t\000a\000t\000i\000o\000n}{section.5.3}% 85
\BOOKMARK [3][-]{subsubsection.5.3.1.1}{\376\377\0005\000.\0003\000.\0001\000.\0001\000\040\000d\000a\000t\000a\000\137\000t}{subsection.5.3.1}% 86
\BOOKMARK [2][-]{subsection.5.3.2}{\376\377\0005\000.\0003\000.\0002\000\040\000F\000u\000n\000c\000t\000i\000o\000n\000\040\000D\000o\000c\000u\000m\000e\000n\000t\000a\000t\000i\000o\000n}{section.5.3}% 87
\BOOKMARK [3][-]{subsubsection.5.3.2.1}{\376\377\0005\000.\0003\000.\0002\000.\0001\000\040\000h\000a\000s\000h\000\050\000\051}{subsection.5.3.2}% 88
\BOOKMARK [3][-]{subsubsection.5.3.2.2}{\376\377\0005\000.\0003\000.\0002\000.\0002\000\040\000h\000a\000s\000h\000\137\000i\000t\000e\000m\000\050\000\051}{subsection.5.3.2}% 89
\BOOKMARK [3][-]{subsubsection.5.3.2.3}{\376\377\0005\000.\0003\000.\0002\000.\0003\000\040\000l\000o\000o\000k\000u\000p\000\137\000i\000t\000e\000m\000\050\000\051}{subsection.5.3.2}% 90
\BOOKMARK [3][-]{subsubsection.5.3.2.4}{\376\377\0005\000.\0003\000.\0002\000.\0004\000\040\000n\000e\000w\000\137\000h\000t\000\050\000\051}{subsection.5.3.2}% 91
\BOOKMARK [3][-]{subsubsection.5.3.2.5}{\376\377\0005\000.\0003\000.\0002\000.\0005\000\040\000n\000e\000w\000\137\000h\000t\000\137\000i\000t\000e\000m\000\050\000\051}{subsection.5.3.2}% 92
\BOOKMARK [3][-]{subsubsection.5.3.2.6}{\376\377\0005\000.\0003\000.\0002\000.\0006\000\040\000r\000m\000\137\000h\000t\000\050\000\051}{subsection.5.3.2}% 93
\BOOKMARK [3][-]{subsubsection.5.3.2.7}{\376\377\0005\000.\0003\000.\0002\000.\0007\000\040\000r\000m\000\137\000h\000t\000\137\000h\000e\000l\000p\000e\000r\000\050\000\051}{subsection.5.3.2}% 94
\BOOKMARK [3][-]{subsubsection.5.3.2.8}{\376\377\0005\000.\0003\000.\0002\000.\0008\000\040\000r\000m\000\137\000h\000t\000\137\000i\000t\000e\000m\000\050\000\051}{subsection.5.3.2}% 95
\BOOKMARK [2][-]{subsection.5.3.3}{\376\377\0005\000.\0003\000.\0003\000\040\000V\000a\000r\000i\000a\000b\000l\000e\000\040\000D\000o\000c\000u\000m\000e\000n\000t\000a\000t\000i\000o\000n}{section.5.3}% 96
\BOOKMARK [3][-]{subsubsection.5.3.3.1}{\376\377\0005\000.\0003\000.\0003\000.\0001\000\040\000d\000a\000t\000a\000\137\000t\000\137\000s\000t\000r}{subsection.5.3.3}% 97
\BOOKMARK [1][-]{section.5.4}{\376\377\0005\000.\0004\000\040\000l\000e\000x\000e\000r\000.\000c\000\040\000F\000i\000l\000e\000\040\000R\000e\000f\000e\000r\000e\000n\000c\000e}{chapter.5}% 98
\BOOKMARK [2][-]{subsection.5.4.1}{\376\377\0005\000.\0004\000.\0001\000\040\000F\000u\000n\000c\000t\000i\000o\000n\000\040\000D\000o\000c\000u\000m\000e\000n\000t\000a\000t\000i\000o\000n}{section.5.4}% 99
\BOOKMARK [3][-]{subsubsection.5.4.1.1}{\376\377\0005\000.\0004\000.\0001\000.\0001\000\040\000m\000a\000k\000e\000\137\000t\000o\000k\000e\000n\000s\000\050\000\051}{subsection.5.4.1}% 100
\BOOKMARK [3][-]{subsubsection.5.4.1.2}{\376\377\0005\000.\0004\000.\0001\000.\0002\000\040\000n\000e\000x\000t\000\137\000c\000h\000a\000r\000\050\000\051}{subsection.5.4.1}% 101
\BOOKMARK [3][-]{subsubsection.5.4.1.3}{\376\377\0005\000.\0004\000.\0001\000.\0003\000\040\000p\000a\000r\000s\000e\000\050\000\051}{subsection.5.4.1}% 102
\BOOKMARK [3][-]{subsubsection.5.4.1.4}{\376\377\0005\000.\0004\000.\0001\000.\0004\000\040\000p\000a\000r\000s\000e\000\137\000c\000h\000a\000r\000\050\000\051}{subsection.5.4.1}% 103
\BOOKMARK [3][-]{subsubsection.5.4.1.5}{\376\377\0005\000.\0004\000.\0001\000.\0005\000\040\000p\000a\000r\000s\000e\000\137\000n\000u\000m\000b\000e\000r\000\050\000\051}{subsection.5.4.1}% 104
\BOOKMARK [3][-]{subsubsection.5.4.1.6}{\376\377\0005\000.\0004\000.\0001\000.\0006\000\040\000p\000a\000r\000s\000e\000\137\000s\000t\000r\000i\000n\000g\000\050\000\051}{subsection.5.4.1}% 105
\BOOKMARK [3][-]{subsubsection.5.4.1.7}{\376\377\0005\000.\0004\000.\0001\000.\0007\000\040\000p\000a\000r\000s\000e\000\137\000s\000y\000m\000b\000o\000l\000\137\000o\000r\000\137\000o\000p\000e\000r\000a\000n\000d\000\050\000\051}{subsection.5.4.1}% 106
\BOOKMARK [3][-]{subsubsection.5.4.1.8}{\376\377\0005\000.\0004\000.\0001\000.\0008\000\040\000p\000a\000r\000s\000e\000\137\000w\000o\000r\000d\000\050\000\051}{subsection.5.4.1}% 107
\BOOKMARK [3][-]{subsubsection.5.4.1.9}{\376\377\0005\000.\0004\000.\0001\000.\0009\000\040\000p\000a\000r\000s\000e\000\137\000w\000o\000r\000d\000\137\000o\000r\000\137\000n\000u\000m\000b\000e\000r\000\050\000\051}{subsection.5.4.1}% 108
\BOOKMARK [3][-]{subsubsection.5.4.1.10}{\376\377\0005\000.\0004\000.\0001\000.\0001\0000\000\040\000r\000e\000t\000u\000r\000n\000\137\000c\000h\000a\000r\000\050\000\051}{subsection.5.4.1}% 109
\BOOKMARK [3][-]{subsubsection.5.4.1.11}{\376\377\0005\000.\0004\000.\0001\000.\0001\0001\000\040\000s\000k\000i\000p\000\137\000l\000i\000n\000e\000\050\000\051}{subsection.5.4.1}% 110
\BOOKMARK [1][-]{section.5.5}{\376\377\0005\000.\0005\000\040\000l\000e\000x\000e\000r\000.\000h\000\040\000F\000i\000l\000e\000\040\000R\000e\000f\000e\000r\000e\000n\000c\000e}{chapter.5}% 111
\BOOKMARK [2][-]{subsection.5.5.1}{\376\377\0005\000.\0005\000.\0001\000\040\000F\000u\000n\000c\000t\000i\000o\000n\000\040\000D\000o\000c\000u\000m\000e\000n\000t\000a\000t\000i\000o\000n}{section.5.5}% 112
\BOOKMARK [3][-]{subsubsection.5.5.1.1}{\376\377\0005\000.\0005\000.\0001\000.\0001\000\040\000m\000a\000k\000e\000\137\000t\000o\000k\000e\000n\000s\000\050\000\051}{subsection.5.5.1}% 113
\BOOKMARK [3][-]{subsubsection.5.5.1.2}{\376\377\0005\000.\0005\000.\0001\000.\0002\000\040\000n\000e\000x\000t\000\137\000c\000h\000a\000r\000\050\000\051}{subsection.5.5.1}% 114
\BOOKMARK [3][-]{subsubsection.5.5.1.3}{\376\377\0005\000.\0005\000.\0001\000.\0003\000\040\000p\000a\000r\000s\000e\000\050\000\051}{subsection.5.5.1}% 115
\BOOKMARK [3][-]{subsubsection.5.5.1.4}{\376\377\0005\000.\0005\000.\0001\000.\0004\000\040\000p\000a\000r\000s\000e\000\137\000c\000h\000a\000r\000\050\000\051}{subsection.5.5.1}% 116
\BOOKMARK [3][-]{subsubsection.5.5.1.5}{\376\377\0005\000.\0005\000.\0001\000.\0005\000\040\000p\000a\000r\000s\000e\000\137\000n\000u\000m\000b\000e\000r\000\050\000\051}{subsection.5.5.1}% 117
\BOOKMARK [3][-]{subsubsection.5.5.1.6}{\376\377\0005\000.\0005\000.\0001\000.\0006\000\040\000p\000a\000r\000s\000e\000\137\000s\000t\000r\000i\000n\000g\000\050\000\051}{subsection.5.5.1}% 118
\BOOKMARK [3][-]{subsubsection.5.5.1.7}{\376\377\0005\000.\0005\000.\0001\000.\0007\000\040\000p\000a\000r\000s\000e\000\137\000s\000y\000m\000b\000o\000l\000\137\000o\000r\000\137\000o\000p\000e\000r\000a\000n\000d\000\050\000\051}{subsection.5.5.1}% 119
\BOOKMARK [3][-]{subsubsection.5.5.1.8}{\376\377\0005\000.\0005\000.\0001\000.\0008\000\040\000p\000a\000r\000s\000e\000\137\000w\000o\000r\000d\000\050\000\051}{subsection.5.5.1}% 120
\BOOKMARK [3][-]{subsubsection.5.5.1.9}{\376\377\0005\000.\0005\000.\0001\000.\0009\000\040\000p\000a\000r\000s\000e\000\137\000w\000o\000r\000d\000\137\000o\000r\000\137\000n\000u\000m\000b\000e\000r\000\050\000\051}{subsection.5.5.1}% 121
\BOOKMARK [3][-]{subsubsection.5.5.1.10}{\376\377\0005\000.\0005\000.\0001\000.\0001\0000\000\040\000r\000e\000t\000u\000r\000n\000\137\000c\000h\000a\000r\000\050\000\051}{subsection.5.5.1}% 122
\BOOKMARK [3][-]{subsubsection.5.5.1.11}{\376\377\0005\000.\0005\000.\0001\000.\0001\0001\000\040\000s\000k\000i\000p\000\137\000l\000i\000n\000e\000\050\000\051}{subsection.5.5.1}% 123
\BOOKMARK [1][-]{section.5.6}{\376\377\0005\000.\0006\000\040\000p\000a\000r\000s\000e\000r\000.\000c\000\040\000F\000i\000l\000e\000\040\000R\000e\000f\000e\000r\000e\000n\000c\000e}{chapter.5}% 124
\BOOKMARK [2][-]{subsection.5.6.1}{\376\377\0005\000.\0006\000.\0001\000\040\000F\000u\000n\000c\000t\000i\000o\000n\000\040\000D\000o\000c\000u\000m\000e\000n\000t\000a\000t\000i\000o\000n}{section.5.6}% 125
\BOOKMARK [3][-]{subsubsection.5.6.1.1}{\376\377\0005\000.\0006\000.\0001\000.\0001\000\040\000a\000n\000a\000l\000y\000z\000e\000\050\000\051}{subsection.5.6.1}% 126
\BOOKMARK [3][-]{subsubsection.5.6.1.2}{\376\377\0005\000.\0006\000.\0001\000.\0002\000\040\000c\000o\000n\000s\000u\000m\000e\000\137\000b\000o\000d\000y\000\137\000t\000o\000k\000e\000n\000\050\000\051}{subsection.5.6.1}% 127
\BOOKMARK [3][-]{subsubsection.5.6.1.3}{\376\377\0005\000.\0006\000.\0001\000.\0003\000\040\000c\000o\000n\000s\000u\000m\000e\000\137\000t\000o\000k\000e\000n\000\050\000\051}{subsection.5.6.1}% 128
\BOOKMARK [3][-]{subsubsection.5.6.1.4}{\376\377\0005\000.\0006\000.\0001\000.\0004\000\040\000e\000x\000p\000e\000c\000t\000\050\000\051}{subsection.5.6.1}% 129
\BOOKMARK [3][-]{subsubsection.5.6.1.5}{\376\377\0005\000.\0006\000.\0001\000.\0005\000\040\000e\000x\000p\000e\000c\000t\000\137\000a\000s\000g\000n\000\050\000\051}{subsection.5.6.1}% 130
\BOOKMARK [3][-]{subsubsection.5.6.1.6}{\376\377\0005\000.\0006\000.\0001\000.\0006\000\040\000e\000x\000p\000e\000c\000t\000\137\000b\000o\000d\000y\000\050\000\051}{subsection.5.6.1}% 131
\BOOKMARK [3][-]{subsubsection.5.6.1.7}{\376\377\0005\000.\0006\000.\0001\000.\0007\000\040\000e\000x\000p\000e\000c\000t\000\137\000d\000a\000t\000a\000\137\000t\000y\000p\000e\000\050\000\051}{subsection.5.6.1}% 132
\BOOKMARK [3][-]{subsubsection.5.6.1.8}{\376\377\0005\000.\0006\000.\0001\000.\0008\000\040\000e\000x\000p\000e\000c\000t\000\137\000d\000e\000c\000l\000\050\000\051}{subsection.5.6.1}% 133
\BOOKMARK [3][-]{subsubsection.5.6.1.9}{\376\377\0005\000.\0006\000.\0001\000.\0009\000\040\000e\000x\000p\000e\000c\000t\000\137\000e\000o\000i\000\050\000\051}{subsection.5.6.1}% 134
\BOOKMARK [3][-]{subsubsection.5.6.1.10}{\376\377\0005\000.\0006\000.\0001\000.\0001\0000\000\040\000e\000x\000p\000e\000c\000t\000\137\000f\000o\000r\000\050\000\051}{subsection.5.6.1}% 135
\BOOKMARK [3][-]{subsubsection.5.6.1.11}{\376\377\0005\000.\0006\000.\0001\000.\0001\0001\000\040\000e\000x\000p\000e\000c\000t\000\137\000i\000d\000e\000n\000\050\000\051}{subsection.5.6.1}% 136
\BOOKMARK [3][-]{subsubsection.5.6.1.12}{\376\377\0005\000.\0006\000.\0001\000.\0001\0002\000\040\000e\000x\000p\000e\000c\000t\000\137\000i\000f\000\050\000\051}{subsection.5.6.1}% 137
\BOOKMARK [3][-]{subsubsection.5.6.1.13}{\376\377\0005\000.\0006\000.\0001\000.\0001\0003\000\040\000e\000x\000p\000e\000c\000t\000\137\000l\000i\000t\000\050\000\051}{subsection.5.6.1}% 138
\BOOKMARK [3][-]{subsubsection.5.6.1.14}{\376\377\0005\000.\0006\000.\0001\000.\0001\0004\000\040\000e\000x\000p\000e\000c\000t\000\137\000l\000i\000t\000\137\000o\000r\000\137\000i\000d\000e\000n\000\050\000\051}{subsection.5.6.1}% 139
\BOOKMARK [3][-]{subsubsection.5.6.1.15}{\376\377\0005\000.\0006\000.\0001\000.\0001\0005\000\040\000e\000x\000p\000e\000c\000t\000\137\000o\000p\000e\000r\000a\000t\000i\000o\000n\000\050\000\051}{subsection.5.6.1}% 140
\BOOKMARK [3][-]{subsubsection.5.6.1.16}{\376\377\0005\000.\0006\000.\0001\000.\0001\0006\000\040\000e\000x\000p\000e\000c\000t\000\137\000o\000p\000e\000r\000a\000t\000o\000r\000\050\000\051}{subsection.5.6.1}% 141
\BOOKMARK [3][-]{subsubsection.5.6.1.17}{\376\377\0005\000.\0006\000.\0001\000.\0001\0007\000\040\000e\000x\000p\000e\000c\000t\000\137\000p\000r\000i\000n\000t\000\050\000\051}{subsection.5.6.1}% 142
\BOOKMARK [3][-]{subsubsection.5.6.1.18}{\376\377\0005\000.\0006\000.\0001\000.\0001\0008\000\040\000e\000x\000p\000e\000c\000t\000\137\000r\000e\000a\000d\000\050\000\051}{subsection.5.6.1}% 143
\BOOKMARK [3][-]{subsubsection.5.6.1.19}{\376\377\0005\000.\0006\000.\0001\000.\0001\0009\000\040\000e\000x\000p\000e\000c\000t\000\137\000w\000h\000i\000l\000e\000\050\000\051}{subsection.5.6.1}% 144
\BOOKMARK [3][-]{subsubsection.5.6.1.20}{\376\377\0005\000.\0006\000.\0001\000.\0002\0000\000\040\000r\000e\000w\000i\000n\000d\000\137\000t\000o\000k\000e\000n\000\050\000\051}{subsection.5.6.1}% 145
\BOOKMARK [3][-]{subsubsection.5.6.1.21}{\376\377\0005\000.\0006\000.\0001\000.\0002\0001\000\040\000s\000k\000i\000p\000\137\000b\000o\000d\000y\000\137\000t\000o\000k\000e\000n\000s\000\050\000\051}{subsection.5.6.1}% 146
\BOOKMARK [3][-]{subsubsection.5.6.1.22}{\376\377\0005\000.\0006\000.\0001\000.\0002\0002\000\040\000s\000k\000i\000p\000\137\000t\000o\000k\000e\000n\000s\000\050\000\051}{subsection.5.6.1}% 147
\BOOKMARK [1][-]{section.5.7}{\376\377\0005\000.\0007\000\040\000p\000a\000r\000s\000e\000r\000.\000h\000\040\000F\000i\000l\000e\000\040\000R\000e\000f\000e\000r\000e\000n\000c\000e}{chapter.5}% 148
\BOOKMARK [2][-]{subsection.5.7.1}{\376\377\0005\000.\0007\000.\0001\000\040\000F\000u\000n\000c\000t\000i\000o\000n\000\040\000D\000o\000c\000u\000m\000e\000n\000t\000a\000t\000i\000o\000n}{section.5.7}% 149
\BOOKMARK [3][-]{subsubsection.5.7.1.1}{\376\377\0005\000.\0007\000.\0001\000.\0001\000\040\000a\000n\000a\000l\000y\000z\000e\000\050\000\051}{subsection.5.7.1}% 150
\BOOKMARK [3][-]{subsubsection.5.7.1.2}{\376\377\0005\000.\0007\000.\0001\000.\0002\000\040\000c\000o\000n\000s\000u\000m\000e\000\137\000b\000o\000d\000y\000\137\000t\000o\000k\000e\000n\000\050\000\051}{subsection.5.7.1}% 151
\BOOKMARK [3][-]{subsubsection.5.7.1.3}{\376\377\0005\000.\0007\000.\0001\000.\0003\000\040\000c\000o\000n\000s\000u\000m\000e\000\137\000t\000o\000k\000e\000n\000\050\000\051}{subsection.5.7.1}% 152
\BOOKMARK [3][-]{subsubsection.5.7.1.4}{\376\377\0005\000.\0007\000.\0001\000.\0004\000\040\000e\000x\000p\000e\000c\000t\000\050\000\051}{subsection.5.7.1}% 153
\BOOKMARK [3][-]{subsubsection.5.7.1.5}{\376\377\0005\000.\0007\000.\0001\000.\0005\000\040\000e\000x\000p\000e\000c\000t\000\137\000a\000s\000g\000n\000\050\000\051}{subsection.5.7.1}% 154
\BOOKMARK [3][-]{subsubsection.5.7.1.6}{\376\377\0005\000.\0007\000.\0001\000.\0006\000\040\000e\000x\000p\000e\000c\000t\000\137\000b\000o\000d\000y\000\050\000\051}{subsection.5.7.1}% 155
\BOOKMARK [3][-]{subsubsection.5.7.1.7}{\376\377\0005\000.\0007\000.\0001\000.\0007\000\040\000e\000x\000p\000e\000c\000t\000\137\000d\000a\000t\000a\000\137\000t\000y\000p\000e\000\050\000\051}{subsection.5.7.1}% 156
\BOOKMARK [3][-]{subsubsection.5.7.1.8}{\376\377\0005\000.\0007\000.\0001\000.\0008\000\040\000e\000x\000p\000e\000c\000t\000\137\000d\000e\000c\000l\000\050\000\051}{subsection.5.7.1}% 157
\BOOKMARK [3][-]{subsubsection.5.7.1.9}{\376\377\0005\000.\0007\000.\0001\000.\0009\000\040\000e\000x\000p\000e\000c\000t\000\137\000e\000o\000i\000\050\000\051}{subsection.5.7.1}% 158
\BOOKMARK [3][-]{subsubsection.5.7.1.10}{\376\377\0005\000.\0007\000.\0001\000.\0001\0000\000\040\000e\000x\000p\000e\000c\000t\000\137\000f\000o\000r\000\050\000\051}{subsection.5.7.1}% 159
\BOOKMARK [3][-]{subsubsection.5.7.1.11}{\376\377\0005\000.\0007\000.\0001\000.\0001\0001\000\040\000e\000x\000p\000e\000c\000t\000\137\000i\000d\000e\000n\000\050\000\051}{subsection.5.7.1}% 160
\BOOKMARK [3][-]{subsubsection.5.7.1.12}{\376\377\0005\000.\0007\000.\0001\000.\0001\0002\000\040\000e\000x\000p\000e\000c\000t\000\137\000i\000f\000\050\000\051}{subsection.5.7.1}% 161
\BOOKMARK [3][-]{subsubsection.5.7.1.13}{\376\377\0005\000.\0007\000.\0001\000.\0001\0003\000\040\000e\000x\000p\000e\000c\000t\000\137\000l\000i\000t\000\050\000\051}{subsection.5.7.1}% 162
\BOOKMARK [3][-]{subsubsection.5.7.1.14}{\376\377\0005\000.\0007\000.\0001\000.\0001\0004\000\040\000e\000x\000p\000e\000c\000t\000\137\000l\000i\000t\000\137\000o\000r\000\137\000i\000d\000e\000n\000\050\000\051}{subsection.5.7.1}% 163
\BOOKMARK [3][-]{subsubsection.5.7.1.15}{\376\377\0005\000.\0007\000.\0001\000.\0001\0005\000\040\000e\000x\000p\000e\000c\000t\000\137\000o\000p\000e\000r\000a\000t\000i\000o\000n\000\050\000\051}{subsection.5.7.1}% 164
\BOOKMARK [3][-]{subsubsection.5.7.1.16}{\376\377\0005\000.\0007\000.\0001\000.\0001\0006\000\040\000e\000x\000p\000e\000c\000t\000\137\000o\000p\000e\000r\000a\000t\000o\000r\000\050\000\051}{subsection.5.7.1}% 165
\BOOKMARK [3][-]{subsubsection.5.7.1.17}{\376\377\0005\000.\0007\000.\0001\000.\0001\0007\000\040\000e\000x\000p\000e\000c\000t\000\137\000p\000r\000i\000n\000t\000\050\000\051}{subsection.5.7.1}% 166
\BOOKMARK [3][-]{subsubsection.5.7.1.18}{\376\377\0005\000.\0007\000.\0001\000.\0001\0008\000\040\000e\000x\000p\000e\000c\000t\000\137\000r\000e\000a\000d\000\050\000\051}{subsection.5.7.1}% 167
\BOOKMARK [3][-]{subsubsection.5.7.1.19}{\376\377\0005\000.\0007\000.\0001\000.\0001\0009\000\040\000e\000x\000p\000e\000c\000t\000\137\000w\000h\000i\000l\000e\000\050\000\051}{subsection.5.7.1}% 168
\BOOKMARK [3][-]{subsubsection.5.7.1.20}{\376\377\0005\000.\0007\000.\0001\000.\0002\0000\000\040\000r\000e\000w\000i\000n\000d\000\137\000t\000o\000k\000e\000n\000\050\000\051}{subsection.5.7.1}% 169
\BOOKMARK [3][-]{subsubsection.5.7.1.21}{\376\377\0005\000.\0007\000.\0001\000.\0002\0001\000\040\000s\000k\000i\000p\000\137\000b\000o\000d\000y\000\137\000t\000o\000k\000e\000n\000s\000\050\000\051}{subsection.5.7.1}% 170
\BOOKMARK [3][-]{subsubsection.5.7.1.22}{\376\377\0005\000.\0007\000.\0001\000.\0002\0002\000\040\000s\000k\000i\000p\000\137\000t\000o\000k\000e\000n\000s\000\050\000\051}{subsection.5.7.1}% 171
\BOOKMARK [2][-]{subsection.5.7.2}{\376\377\0005\000.\0007\000.\0002\000\040\000V\000a\000r\000i\000a\000b\000l\000e\000\040\000D\000o\000c\000u\000m\000e\000n\000t\000a\000t\000i\000o\000n}{section.5.7}% 172
\BOOKMARK [3][-]{subsubsection.5.7.2.1}{\376\377\0005\000.\0007\000.\0002\000.\0001\000\040\000i\000d\000e\000n}{subsection.5.7.2}% 173
\BOOKMARK [3][-]{subsubsection.5.7.2.2}{\376\377\0005\000.\0007\000.\0002\000.\0002\000\040\000o\000p\000e}{subsection.5.7.2}% 174
\BOOKMARK [1][-]{section.5.8}{\376\377\0005\000.\0008\000\040\000r\000a\000m\000i\000e\000l\000.\000c\000\040\000F\000i\000l\000e\000\040\000R\000e\000f\000e\000r\000e\000n\000c\000e}{chapter.5}% 175
\BOOKMARK [2][-]{subsection.5.8.1}{\376\377\0005\000.\0008\000.\0001\000\040\000F\000u\000n\000c\000t\000i\000o\000n\000\040\000D\000o\000c\000u\000m\000e\000n\000t\000a\000t\000i\000o\000n}{section.5.8}% 176
\BOOKMARK [3][-]{subsubsection.5.8.1.1}{\376\377\0005\000.\0008\000.\0001\000.\0001\000\040\000m\000a\000i\000n\000\050\000\051}{subsection.5.8.1}% 177
\BOOKMARK [1][-]{section.5.9}{\376\377\0005\000.\0009\000\040\000R\000E\000A\000D\000M\000E\000.\000m\000d\000\040\000F\000i\000l\000e\000\040\000R\000e\000f\000e\000r\000e\000n\000c\000e}{chapter.5}% 178
\BOOKMARK [1][-]{section.5.10}{\376\377\0005\000.\0001\0000\000\040\000s\000t\000a\000c\000k\000.\000c\000\040\000F\000i\000l\000e\000\040\000R\000e\000f\000e\000r\000e\000n\000c\000e}{chapter.5}% 179
\BOOKMARK [2][-]{subsection.5.10.1}{\376\377\0005\000.\0001\0000\000.\0001\000\040\000F\000u\000n\000c\000t\000i\000o\000n\000\040\000D\000o\000c\000u\000m\000e\000n\000t\000a\000t\000i\000o\000n}{section.5.10}% 180
\BOOKMARK [3][-]{subsubsection.5.10.1.1}{\376\377\0005\000.\0001\0000\000.\0001\000.\0001\000\040\000n\000e\000w\000\137\000s\000t\000a\000c\000k\000\050\000\051}{subsection.5.10.1}% 181
\BOOKMARK [3][-]{subsubsection.5.10.1.2}{\376\377\0005\000.\0001\0000\000.\0001\000.\0002\000\040\000n\000e\000w\000\137\000s\000t\000a\000c\000k\000\137\000i\000t\000e\000m\000\050\000\051}{subsection.5.10.1}% 182
\BOOKMARK [3][-]{subsubsection.5.10.1.3}{\376\377\0005\000.\0001\0000\000.\0001\000.\0003\000\040\000p\000o\000p\000\050\000\051}{subsection.5.10.1}% 183
\BOOKMARK [3][-]{subsubsection.5.10.1.4}{\376\377\0005\000.\0001\0000\000.\0001\000.\0004\000\040\000p\000u\000s\000h\000\050\000\051}{subsection.5.10.1}% 184
\BOOKMARK [3][-]{subsubsection.5.10.1.5}{\376\377\0005\000.\0001\0000\000.\0001\000.\0005\000\040\000s\000t\000a\000c\000k\000\137\000o\000p\000e\000r\000a\000t\000i\000o\000n\000\050\000\051}{subsection.5.10.1}% 185
\BOOKMARK [1][-]{section.5.11}{\376\377\0005\000.\0001\0001\000\040\000s\000t\000a\000c\000k\000.\000h\000\040\000F\000i\000l\000e\000\040\000R\000e\000f\000e\000r\000e\000n\000c\000e}{chapter.5}% 186
\BOOKMARK [2][-]{subsection.5.11.1}{\376\377\0005\000.\0001\0001\000.\0001\000\040\000F\000u\000n\000c\000t\000i\000o\000n\000\040\000D\000o\000c\000u\000m\000e\000n\000t\000a\000t\000i\000o\000n}{section.5.11}% 187
\BOOKMARK [3][-]{subsubsection.5.11.1.1}{\376\377\0005\000.\0001\0001\000.\0001\000.\0001\000\040\000n\000e\000w\000\137\000s\000t\000a\000c\000k\000\050\000\051}{subsection.5.11.1}% 188
\BOOKMARK [3][-]{subsubsection.5.11.1.2}{\376\377\0005\000.\0001\0001\000.\0001\000.\0002\000\040\000n\000e\000w\000\137\000s\000t\000a\000c\000k\000\137\000i\000t\000e\000m\000\050\000\051}{subsection.5.11.1}% 189
\BOOKMARK [3][-]{subsubsection.5.11.1.3}{\376\377\0005\000.\0001\0001\000.\0001\000.\0003\000\040\000p\000o\000p\000\050\000\051}{subsection.5.11.1}% 190
\BOOKMARK [3][-]{subsubsection.5.11.1.4}{\376\377\0005\000.\0001\0001\000.\0001\000.\0004\000\040\000p\000u\000s\000h\000\050\000\051}{subsection.5.11.1}% 191
\BOOKMARK [3][-]{subsubsection.5.11.1.5}{\376\377\0005\000.\0001\0001\000.\0001\000.\0005\000\040\000s\000t\000a\000c\000k\000\137\000o\000p\000e\000r\000a\000t\000i\000o\000n\000\050\000\051}{subsection.5.11.1}% 192
\BOOKMARK [1][-]{section.5.12}{\376\377\0005\000.\0001\0002\000\040\000s\000t\000a\000t\000e\000.\000c\000\040\000F\000i\000l\000e\000\040\000R\000e\000f\000e\000r\000e\000n\000c\000e}{chapter.5}% 193
\BOOKMARK [2][-]{subsection.5.12.1}{\376\377\0005\000.\0001\0002\000.\0001\000\040\000F\000u\000n\000c\000t\000i\000o\000n\000\040\000D\000o\000c\000u\000m\000e\000n\000t\000a\000t\000i\000o\000n}{section.5.12}% 194
\BOOKMARK [3][-]{subsubsection.5.12.1.1}{\376\377\0005\000.\0001\0002\000.\0001\000.\0001\000\040\000a\000p\000p\000e\000n\000d\000\137\000t\000o\000k\000e\000n\000\050\000\051}{subsection.5.12.1}% 195
\BOOKMARK [2][-]{subsection.5.12.2}{\376\377\0005\000.\0001\0002\000.\0002\000\040\000V\000a\000r\000i\000a\000b\000l\000e\000\040\000D\000o\000c\000u\000m\000e\000n\000t\000a\000t\000i\000o\000n}{section.5.12}% 196
\BOOKMARK [3][-]{subsubsection.5.12.2.1}{\376\377\0005\000.\0001\0002\000.\0002\000.\0001\000\040\000l\000e\000x\000\137\000s\000t\000a\000t\000e}{subsection.5.12.2}% 197
\BOOKMARK [1][-]{section.5.13}{\376\377\0005\000.\0001\0003\000\040\000t\000o\000k\000e\000n\000s\000.\000c\000\040\000F\000i\000l\000e\000\040\000R\000e\000f\000e\000r\000e\000n\000c\000e}{chapter.5}% 198
\BOOKMARK [2][-]{subsection.5.13.1}{\376\377\0005\000.\0001\0003\000.\0001\000\040\000M\000a\000c\000r\000o\000\040\000D\000e\000f\000i\000n\000i\000t\000i\000o\000n\000\040\000D\000o\000c\000u\000m\000e\000n\000t\000a\000t\000i\000o\000n}{section.5.13}% 199
\BOOKMARK [3][-]{subsubsection.5.13.1.1}{\376\377\0005\000.\0001\0003\000.\0001\000.\0001\000\040\000D\000\137\000T\000Y\000P\000E\000S}{subsection.5.13.1}% 200
\BOOKMARK [3][-]{subsubsection.5.13.1.2}{\376\377\0005\000.\0001\0003\000.\0001\000.\0002\000\040\000L\000\137\000O\000P\000E\000R\000A\000T\000O\000R\000S}{subsection.5.13.1}% 201
\BOOKMARK [3][-]{subsubsection.5.13.1.3}{\376\377\0005\000.\0001\0003\000.\0001\000.\0003\000\040\000L\000I\000T\000E\000R\000A\000L\000S}{subsection.5.13.1}% 202
\BOOKMARK [3][-]{subsubsection.5.13.1.4}{\376\377\0005\000.\0001\0003\000.\0001\000.\0004\000\040\000O\000P\000E\000R\000A\000T\000O\000R\000S}{subsection.5.13.1}% 203
\BOOKMARK [3][-]{subsubsection.5.13.1.5}{\376\377\0005\000.\0001\0003\000.\0001\000.\0005\000\040\000R\000\137\000O\000P\000E\000R\000A\000T\000O\000R\000S}{subsection.5.13.1}% 204
\BOOKMARK [2][-]{subsection.5.13.2}{\376\377\0005\000.\0001\0003\000.\0002\000\040\000E\000n\000u\000m\000e\000r\000a\000t\000i\000o\000n\000\040\000T\000y\000p\000e\000\040\000D\000o\000c\000u\000m\000e\000n\000t\000a\000t\000i\000o\000n}{section.5.13}% 205
\BOOKMARK [3][-]{subsubsection.5.13.2.1}{\376\377\0005\000.\0001\0003\000.\0002\000.\0001\000\040\000t\000o\000k\000e\000n\000\137\000t\000y\000p\000e}{subsection.5.13.2}% 206
\BOOKMARK [2][-]{subsection.5.13.3}{\376\377\0005\000.\0001\0003\000.\0003\000\040\000F\000u\000n\000c\000t\000i\000o\000n\000\040\000D\000o\000c\000u\000m\000e\000n\000t\000a\000t\000i\000o\000n}{section.5.13}% 207
\BOOKMARK [3][-]{subsubsection.5.13.3.1}{\376\377\0005\000.\0001\0003\000.\0003\000.\0001\000\040\000n\000e\000w\000\137\000t\000o\000k\000e\000n\000\137\000i\000n\000f\000o\000\050\000\051}{subsection.5.13.3}% 208
\BOOKMARK [2][-]{subsection.5.13.4}{\376\377\0005\000.\0001\0003\000.\0004\000\040\000V\000a\000r\000i\000a\000b\000l\000e\000\040\000D\000o\000c\000u\000m\000e\000n\000t\000a\000t\000i\000o\000n}{section.5.13}% 209
\BOOKMARK [3][-]{subsubsection.5.13.4.1}{\376\377\0005\000.\0001\0003\000.\0004\000.\0001\000\040\000d\000\137\000t\000y\000p\000e\000s}{subsection.5.13.4}% 210
\BOOKMARK [3][-]{subsubsection.5.13.4.2}{\376\377\0005\000.\0001\0003\000.\0004\000.\0002\000\040\000d\000\137\000t\000y\000p\000e\000s\000\137\000c\000o\000d\000e}{subsection.5.13.4}% 211
\BOOKMARK [3][-]{subsubsection.5.13.4.3}{\376\377\0005\000.\0001\0003\000.\0004\000.\0003\000\040\000d\000\137\000t\000y\000p\000e\000s\000\137\000m\000n\000e\000u\000m\000o\000n\000i\000c}{subsection.5.13.4}% 212
\BOOKMARK [3][-]{subsubsection.5.13.4.4}{\376\377\0005\000.\0001\0003\000.\0004\000.\0004\000\040\000l\000\137\000o\000p\000e\000r\000a\000t\000o\000r\000\137\000c\000o\000d\000e}{subsection.5.13.4}% 213
\BOOKMARK [3][-]{subsubsection.5.13.4.5}{\376\377\0005\000.\0001\0003\000.\0004\000.\0005\000\040\000l\000\137\000o\000p\000e\000r\000a\000t\000o\000r\000s}{subsection.5.13.4}% 214
\BOOKMARK [3][-]{subsubsection.5.13.4.6}{\376\377\0005\000.\0001\0003\000.\0004\000.\0006\000\040\000l\000i\000t\000e\000r\000a\000l\000s}{subsection.5.13.4}% 215
\BOOKMARK [3][-]{subsubsection.5.13.4.7}{\376\377\0005\000.\0001\0003\000.\0004\000.\0007\000\040\000o\000p\000e\000r\000a\000t\000o\000r\000\137\000c\000o\000d\000e}{subsection.5.13.4}% 216
\BOOKMARK [3][-]{subsubsection.5.13.4.8}{\376\377\0005\000.\0001\0003\000.\0004\000.\0008\000\040\000o\000p\000e\000r\000a\000t\000o\000r\000s}{subsection.5.13.4}% 217
\BOOKMARK [3][-]{subsubsection.5.13.4.9}{\376\377\0005\000.\0001\0003\000.\0004\000.\0009\000\040\000r\000\137\000o\000p\000e\000r\000a\000t\000o\000r\000\137\000c\000o\000d\000e}{subsection.5.13.4}% 218
\BOOKMARK [3][-]{subsubsection.5.13.4.10}{\376\377\0005\000.\0001\0003\000.\0004\000.\0001\0000\000\040\000r\000\137\000o\000p\000e\000r\000a\000t\000o\000r\000s}{subsection.5.13.4}% 219
\BOOKMARK [3][-]{subsubsection.5.13.4.11}{\376\377\0005\000.\0001\0003\000.\0004\000.\0001\0001\000\040\000t\000o\000k\000e\000n\000\137\000n\000a\000m\000e\000s}{subsection.5.13.4}% 220
\BOOKMARK [1][-]{section.5.14}{\376\377\0005\000.\0001\0004\000\040\000u\000t\000i\000l\000s\000.\000c\000\040\000F\000i\000l\000e\000\040\000R\000e\000f\000e\000r\000e\000n\000c\000e}{chapter.5}% 221
\BOOKMARK [2][-]{subsection.5.14.1}{\376\377\0005\000.\0001\0004\000.\0001\000\040\000M\000a\000c\000r\000o\000\040\000D\000e\000f\000i\000n\000i\000t\000i\000o\000n\000\040\000D\000o\000c\000u\000m\000e\000n\000t\000a\000t\000i\000o\000n}{section.5.14}% 222
\BOOKMARK [3][-]{subsubsection.5.14.1.1}{\376\377\0005\000.\0001\0004\000.\0001\000.\0001\000\040\000a\000r\000r\000\137\000l\000e\000n}{subsection.5.14.1}% 223
\BOOKMARK [3][-]{subsubsection.5.14.1.2}{\376\377\0005\000.\0001\0004\000.\0001\000.\0002\000\040\000m\000a\000x}{subsection.5.14.1}% 224
\BOOKMARK [2][-]{subsection.5.14.2}{\376\377\0005\000.\0001\0004\000.\0002\000\040\000F\000u\000n\000c\000t\000i\000o\000n\000\040\000D\000o\000c\000u\000m\000e\000n\000t\000a\000t\000i\000o\000n}{section.5.14}% 225
\BOOKMARK [3][-]{subsubsection.5.14.2.1}{\376\377\0005\000.\0001\0004\000.\0002\000.\0001\000\040\000a\000p\000p\000e\000n\000d\000\050\000\051}{subsection.5.14.2}% 226
\BOOKMARK [0][-]{section*.35}{\376\377\000I\000n\000d\000e\000x}{}% 227
